{"D:\\Downloads\\testning 1\\testning\\src\\App.tsx": {"path":"D:\\Downloads\\testning 1\\testning\\src\\App.tsx","all":false,"statementMap":{"0":{"start":{"line":1,"column":0},"end":{"line":1,"column":33}},"1":{"start":{"line":2,"column":0},"end":{"line":2,"column":19}},"2":{"start":{"line":3,"column":0},"end":{"line":3,"column":51}},"3":{"start":{"line":4,"column":0},"end":{"line":4,"column":45}},"4":{"start":{"line":5,"column":0},"end":{"line":5,"column":53}},"5":{"start":{"line":6,"column":0},"end":{"line":6,"column":53}},"7":{"start":{"line":8,"column":0},"end":{"line":8,"column":16}},"8":{"start":{"line":9,"column":0},"end":{"line":9,"column":51}},"10":{"start":{"line":11,"column":0},"end":{"line":11,"column":10}},"11":{"start":{"line":12,"column":0},"end":{"line":12,"column":6}},"12":{"start":{"line":13,"column":0},"end":{"line":13,"column":22}},"13":{"start":{"line":14,"column":0},"end":{"line":14,"column":22}},"14":{"start":{"line":15,"column":0},"end":{"line":15,"column":27}},"15":{"start":{"line":16,"column":0},"end":{"line":16,"column":21}},"17":{"start":{"line":18,"column":0},"end":{"line":18,"column":66}},"19":{"start":{"line":20,"column":0},"end":{"line":20,"column":10}},"20":{"start":{"line":21,"column":0},"end":{"line":21,"column":30}},"21":{"start":{"line":22,"column":0},"end":{"line":22,"column":36}},"26":{"start":{"line":27,"column":0},"end":{"line":27,"column":1}},"28":{"start":{"line":29,"column":0},"end":{"line":29,"column":19}}},"s":{"0":1,"1":1,"2":1,"3":1,"4":1,"5":1,"7":5,"8":5,"10":5,"11":5,"12":5,"13":5,"14":5,"15":5,"17":5,"19":5,"20":5,"21":5,"26":5,"28":1},"branchMap":{"0":{"type":"branch","line":8,"loc":{"start":{"line":8,"column":0},"end":{"line":27,"column":1}},"locations":[{"start":{"line":8,"column":0},"end":{"line":27,"column":1}}]},"1":{"type":"branch","line":18,"loc":{"start":{"line":18,"column":26},"end":{"line":18,"column":66}},"locations":[{"start":{"line":18,"column":26},"end":{"line":18,"column":66}}]}},"b":{"0":[5],"1":[3]},"fnMap":{"0":{"name":"App","decl":{"start":{"line":8,"column":0},"end":{"line":27,"column":1}},"loc":{"start":{"line":8,"column":0},"end":{"line":27,"column":1}},"line":8},"1":{"name":"onSubmit","decl":{"start":{"line":18,"column":26},"end":{"line":18,"column":66}},"loc":{"start":{"line":18,"column":26},"end":{"line":18,"column":66}},"line":18}},"f":{"0":5,"1":3}}
,"D:\\Downloads\\testning 1\\testning\\src\\main.tsx": {"path":"D:\\Downloads\\testning 1\\testning\\src\\main.tsx","all":true,"statementMap":{"0":{"start":{"line":1,"column":0},"end":{"line":1,"column":34}},"1":{"start":{"line":2,"column":0},"end":{"line":2,"column":45}},"2":{"start":{"line":3,"column":0},"end":{"line":3,"column":27}},"3":{"start":{"line":4,"column":0},"end":{"line":4,"column":20}},"5":{"start":{"line":6,"column":0},"end":{"line":6,"column":52}},"6":{"start":{"line":7,"column":0},"end":{"line":7,"column":14}},"7":{"start":{"line":8,"column":0},"end":{"line":8,"column":11}}},"s":{"0":0,"1":0,"2":0,"3":0,"5":0,"6":0,"7":0},"branchMap":{"0":{"type":"branch","line":1,"loc":{"start":{"line":1,"column":229},"end":{"line":10,"column":1}},"locations":[{"start":{"line":1,"column":229},"end":{"line":10,"column":1}}]}},"b":{"0":[0]},"fnMap":{"0":{"name":"(empty-report)","decl":{"start":{"line":1,"column":229},"end":{"line":10,"column":1}},"loc":{"start":{"line":1,"column":229},"end":{"line":10,"column":1}},"line":1}},"f":{"0":0}}
,"D:\\Downloads\\testning 1\\testning\\src\\components\\ColorChanger.tsx": {"path":"D:\\Downloads\\testning 1\\testning\\src\\components\\ColorChanger.tsx","all":false,"statementMap":{"0":{"start":{"line":1,"column":0},"end":{"line":1,"column":19}},"1":{"start":{"line":2,"column":0},"end":{"line":2,"column":40}},"3":{"start":{"line":4,"column":0},"end":{"line":4,"column":58}},"5":{"start":{"line":6,"column":0},"end":{"line":6,"column":38}},"6":{"start":{"line":7,"column":0},"end":{"line":7,"column":54}},"8":{"start":{"line":9,"column":0},"end":{"line":9,"column":29}},"9":{"start":{"line":10,"column":0},"end":{"line":10,"column":58}},"10":{"start":{"line":11,"column":0},"end":{"line":11,"column":4}},"12":{"start":{"line":13,"column":0},"end":{"line":13,"column":10}},"13":{"start":{"line":14,"column":0},"end":{"line":14,"column":9}},"14":{"start":{"line":15,"column":0},"end":{"line":15,"column":124}},"15":{"start":{"line":16,"column":0},"end":{"line":16,"column":57}},"18":{"start":{"line":19,"column":0},"end":{"line":19,"column":2}},"20":{"start":{"line":21,"column":0},"end":{"line":21,"column":28}}},"s":{"0":1,"1":1,"3":1,"5":1,"6":13,"8":13,"9":5,"10":5,"12":13,"13":13,"14":13,"15":13,"18":13,"20":1},"branchMap":{"0":{"type":"branch","line":6,"loc":{"start":{"line":6,"column":31},"end":{"line":19,"column":2}},"locations":[{"start":{"line":6,"column":31},"end":{"line":19,"column":2}}]},"1":{"type":"branch","line":9,"loc":{"start":{"line":9,"column":22},"end":{"line":11,"column":4}},"locations":[{"start":{"line":9,"column":22},"end":{"line":11,"column":4}}]},"2":{"type":"branch","line":10,"loc":{"start":{"line":10,"column":20},"end":{"line":10,"column":56}},"locations":[{"start":{"line":10,"column":20},"end":{"line":10,"column":56}}]}},"b":{"0":[13],"1":[5],"2":[5]},"fnMap":{"0":{"name":"ColorChanger","decl":{"start":{"line":6,"column":31},"end":{"line":19,"column":2}},"loc":{"start":{"line":6,"column":31},"end":{"line":19,"column":2}},"line":6},"1":{"name":"handleClick","decl":{"start":{"line":9,"column":22},"end":{"line":11,"column":4}},"loc":{"start":{"line":9,"column":22},"end":{"line":11,"column":4}},"line":9}},"f":{"0":13,"1":5}}
,"D:\\Downloads\\testning 1\\testning\\src\\components\\CountButton.tsx": {"path":"D:\\Downloads\\testning 1\\testning\\src\\components\\CountButton.tsx","all":false,"statementMap":{"0":{"start":{"line":1,"column":0},"end":{"line":1,"column":33}},"2":{"start":{"line":3,"column":0},"end":{"line":3,"column":24}},"3":{"start":{"line":4,"column":0},"end":{"line":4,"column":40}},"5":{"start":{"line":6,"column":0},"end":{"line":6,"column":10}},"6":{"start":{"line":7,"column":0},"end":{"line":7,"column":59}},"7":{"start":{"line":8,"column":0},"end":{"line":8,"column":22}},"10":{"start":{"line":11,"column":0},"end":{"line":11,"column":1}},"12":{"start":{"line":13,"column":0},"end":{"line":13,"column":27}}},"s":{"0":1,"2":10,"3":10,"5":10,"6":10,"7":10,"10":10,"12":1},"branchMap":{"0":{"type":"branch","line":3,"loc":{"start":{"line":3,"column":0},"end":{"line":11,"column":1}},"locations":[{"start":{"line":3,"column":0},"end":{"line":11,"column":1}}]},"1":{"type":"branch","line":7,"loc":{"start":{"line":7,"column":21},"end":{"line":7,"column":59}},"locations":[{"start":{"line":7,"column":21},"end":{"line":7,"column":59}}]},"2":{"type":"branch","line":7,"loc":{"start":{"line":7,"column":36},"end":{"line":7,"column":59}},"locations":[{"start":{"line":7,"column":36},"end":{"line":7,"column":59}}]}},"b":{"0":[10],"1":[3],"2":[3]},"fnMap":{"0":{"name":"CountButton","decl":{"start":{"line":3,"column":0},"end":{"line":11,"column":1}},"loc":{"start":{"line":3,"column":0},"end":{"line":11,"column":1}},"line":3},"1":{"name":"onClick","decl":{"start":{"line":7,"column":21},"end":{"line":7,"column":59}},"loc":{"start":{"line":7,"column":21},"end":{"line":7,"column":59}},"line":7}},"f":{"0":10,"1":3}}
,"D:\\Downloads\\testning 1\\testning\\src\\components\\TodoForm.tsx": {"path":"D:\\Downloads\\testning 1\\testning\\src\\components\\TodoForm.tsx","all":false,"statementMap":{"0":{"start":{"line":1,"column":0},"end":{"line":1,"column":44}},"7":{"start":{"line":8,"column":0},"end":{"line":8,"column":33}},"8":{"start":{"line":9,"column":0},"end":{"line":9,"column":39}},"10":{"start":{"line":11,"column":0},"end":{"line":11,"column":42}},"11":{"start":{"line":12,"column":0},"end":{"line":12,"column":23}},"12":{"start":{"line":13,"column":0},"end":{"line":13,"column":25}},"13":{"start":{"line":14,"column":0},"end":{"line":14,"column":4}},"15":{"start":{"line":16,"column":0},"end":{"line":16,"column":10}},"16":{"start":{"line":17,"column":0},"end":{"line":17,"column":34}},"17":{"start":{"line":18,"column":0},"end":{"line":18,"column":12}},"18":{"start":{"line":19,"column":0},"end":{"line":19,"column":19}},"19":{"start":{"line":20,"column":0},"end":{"line":20,"column":35}},"20":{"start":{"line":21,"column":0},"end":{"line":21,"column":20}},"21":{"start":{"line":22,"column":0},"end":{"line":22,"column":49}},"23":{"start":{"line":24,"column":0},"end":{"line":24,"column":27}},"26":{"start":{"line":27,"column":0},"end":{"line":27,"column":1}},"28":{"start":{"line":29,"column":0},"end":{"line":29,"column":24}}},"s":{"0":1,"7":11,"8":11,"10":11,"11":4,"12":4,"13":4,"15":11,"16":11,"17":11,"18":11,"19":11,"20":11,"21":11,"23":11,"26":11,"28":1},"branchMap":{"0":{"type":"branch","line":8,"loc":{"start":{"line":8,"column":0},"end":{"line":27,"column":1}},"locations":[{"start":{"line":8,"column":0},"end":{"line":27,"column":1}}]},"1":{"type":"branch","line":11,"loc":{"start":{"line":11,"column":23},"end":{"line":14,"column":4}},"locations":[{"start":{"line":11,"column":23},"end":{"line":14,"column":4}}]},"2":{"type":"branch","line":22,"loc":{"start":{"line":22,"column":18},"end":{"line":22,"column":49}},"locations":[{"start":{"line":22,"column":18},"end":{"line":22,"column":49}}]}},"b":{"0":[11],"1":[4],"2":[4]},"fnMap":{"0":{"name":"TodoForm","decl":{"start":{"line":8,"column":0},"end":{"line":27,"column":1}},"loc":{"start":{"line":8,"column":0},"end":{"line":27,"column":1}},"line":8},"1":{"name":"handleSubmit","decl":{"start":{"line":11,"column":23},"end":{"line":14,"column":4}},"loc":{"start":{"line":11,"column":23},"end":{"line":14,"column":4}},"line":11},"2":{"name":"onChange","decl":{"start":{"line":22,"column":18},"end":{"line":22,"column":49}},"loc":{"start":{"line":22,"column":18},"end":{"line":22,"column":49}},"line":22}},"f":{"0":11,"1":4,"2":4}}
,"D:\\Downloads\\testning 1\\testning\\src\\components\\ToggleButton.tsx": {"path":"D:\\Downloads\\testning 1\\testning\\src\\components\\ToggleButton.tsx","all":false,"statementMap":{"0":{"start":{"line":1,"column":0},"end":{"line":1,"column":40}},"2":{"start":{"line":3,"column":0},"end":{"line":3,"column":38}},"3":{"start":{"line":4,"column":0},"end":{"line":4,"column":51}},"5":{"start":{"line":6,"column":0},"end":{"line":6,"column":10}},"6":{"start":{"line":7,"column":0},"end":{"line":7,"column":43}},"7":{"start":{"line":8,"column":0},"end":{"line":8,"column":27}},"10":{"start":{"line":11,"column":0},"end":{"line":11,"column":1}},"12":{"start":{"line":13,"column":0},"end":{"line":13,"column":28}}},"s":{"0":1,"2":1,"3":11,"5":11,"6":11,"7":11,"10":11,"12":1},"branchMap":{"0":{"type":"branch","line":3,"loc":{"start":{"line":3,"column":31},"end":{"line":11,"column":1}},"locations":[{"start":{"line":3,"column":31},"end":{"line":11,"column":1}}]},"1":{"type":"branch","line":8,"loc":{"start":{"line":8,"column":7},"end":{"line":8,"column":21}},"locations":[{"start":{"line":8,"column":7},"end":{"line":8,"column":21}}]},"2":{"type":"branch","line":8,"loc":{"start":{"line":8,"column":14},"end":{"line":8,"column":27}},"locations":[{"start":{"line":8,"column":14},"end":{"line":8,"column":27}}]},"3":{"type":"branch","line":7,"loc":{"start":{"line":7,"column":21},"end":{"line":7,"column":43}},"locations":[{"start":{"line":7,"column":21},"end":{"line":7,"column":43}}]}},"b":{"0":[11],"1":[2],"2":[9],"3":[3]},"fnMap":{"0":{"name":"ToggleButton","decl":{"start":{"line":3,"column":31},"end":{"line":11,"column":1}},"loc":{"start":{"line":3,"column":31},"end":{"line":11,"column":1}},"line":3},"1":{"name":"onClick","decl":{"start":{"line":7,"column":21},"end":{"line":7,"column":43}},"loc":{"start":{"line":7,"column":21},"end":{"line":7,"column":43}},"line":7}},"f":{"0":11,"1":3}}
}
